<?xml version="1.0" encoding="UTF-8"?>
<!-- Generated by org.testng.reporters.JUnitXMLReporter -->
<testsuite ignored="0" hostname="DESKTOP-OILL9QP" failures="1" tests="2" name="Test" time="20.822" errors="0" timestamp="2025-12-17T21:03:17 IST">
  <testcase classname="com.adactinhotelapp.tests.ValidateLoginUsingPOMUsingPF" name="ValidateLoginTest" time="0.768"/>
  <testcase classname="com.adactinhotelapp.tests.ValidateSearchHotelPagePF" name="ValidateSearchHotelTest" time="0.725">
    <failure type="java.lang.AssertionError" message="expected [Adactin.com - Search Hotel] but found [Adactin.com - Hotel Reservation System]">
      <![CDATA[java.lang.AssertionError: expected [Adactin.com - Search Hotel] but found [Adactin.com - Hotel Reservation System]
at com.adactinhotelapp.tests.ValidateSearchHotelPagePF.ValidateSearchHotelTest(ValidateSearchHotelPagePF.java:23)
at java.base/java.util.ArrayList.forEach(ArrayList.java:1511)
... Removed 33 stack frames]]>
    </failure>
  </testcase> <!-- ValidateSearchHotelTest -->
</testsuite> <!-- Test -->
