<?xml version="1.0" encoding="UTF-8"?>
<!-- Generated by org.testng.reporters.JUnitReportReporter -->
<testsuite hostname="DESKTOP-OILL9QP" failures="0" tests="1" name="com.adactinhotelapp.tests.ValidateRegiterationUsingDataProviderExcel2" time="8.756" errors="0" timestamp="2025-10-10T13:13:40 IST" skipped="0">
  <testcase classname="com.adactinhotelapp.tests.ValidateRegiterationUsingDataProviderExcel2" name="validateLoginTest1" time="8.756"/>
</testsuite> <!-- com.adactinhotelapp.tests.ValidateRegiterationUsingDataProviderExcel2 -->
