<?xml version="1.0" encoding="UTF-8"?>
<!-- Generated by org.testng.reporters.JUnitReportReporter -->
<testsuite hostname="DESKTOP-OILL9QP" failures="0" tests="4" name="com.adactinhotelapp.tests.ValidateLogin" time="54.299" errors="0" timestamp="2025-12-10T20:47:42 IST" skipped="0">
  <testcase classname="com.adactinhotelapp.tests.ValidateLogin" name="validateLoginTest3" time="23.415"/>
  <testcase classname="com.adactinhotelapp.tests.ValidateLogin" name="validateLoginTest2" time="8.859"/>
  <testcase classname="com.adactinhotelapp.tests.ValidateLogin" name="validateLoginTest1" time="11.425"/>
  <testcase classname="com.adactinhotelapp.tests.ValidateLogin" name="validateLoginTest4" time="10.600"/>
</testsuite> <!-- com.adactinhotelapp.tests.ValidateLogin -->
