<?xml version="1.0" encoding="UTF-8"?>
<!-- Generated by org.testng.reporters.JUnitReportReporter -->
<testsuite hostname="DESKTOP-OILL9QP" failures="0" tests="1" name="com.adactinhotelapp.tests.ValidateLoginUsingDataProviderExcel" time="12.388" errors="0" timestamp="2025-10-12T00:22:23 IST" skipped="0">
  <testcase classname="com.adactinhotelapp.tests.ValidateLoginUsingDataProviderExcel" name="validateLoginTest1" time="12.388"/>
</testsuite> <!-- com.adactinhotelapp.tests.ValidateLoginUsingDataProviderExcel -->
