<?xml version="1.0" encoding="UTF-8"?>
<!-- Generated by org.testng.reporters.JUnitReportReporter -->
<testsuite hostname="DESKTOP-OILL9QP" failures="0" tests="4" name="com.adactinhotelapp.tests.Login" time="0.022" errors="0" timestamp="2025-10-10T15:48:56 IST" skipped="0">
  <testcase classname="com.adactinhotelapp.tests.Login" name="m4" time="0.001"/>
  <testcase classname="com.adactinhotelapp.tests.Login" name="m2" time="0.002"/>
  <testcase classname="com.adactinhotelapp.tests.Login" name="m1" time="0.008"/>
  <testcase classname="com.adactinhotelapp.tests.Login" name="m3" time="0.011"/>
</testsuite> <!-- com.adactinhotelapp.tests.Login -->
