<?xml version="1.0" encoding="UTF-8"?>
<!-- Generated by org.testng.reporters.JUnitReportReporter -->
<testsuite hostname="DESKTOP-OILL9QP" failures="0" tests="4" name="com.adactinhotelapp.tests.ValidateRegistertion" time="29.903" errors="0" timestamp="2025-10-08T23:11:12 IST" skipped="0">
  <testcase classname="com.adactinhotelapp.tests.ValidateRegistertion" name="validateLoginTest1" time="8.731"/>
  <testcase classname="com.adactinhotelapp.tests.ValidateRegistertion" name="validateLoginTest1" time="7.072"/>
  <testcase classname="com.adactinhotelapp.tests.ValidateRegistertion" name="validateLoginTest1" time="7.067"/>
  <testcase classname="com.adactinhotelapp.tests.ValidateRegistertion" name="validateLoginTest1" time="7.033"/>
</testsuite> <!-- com.adactinhotelapp.tests.ValidateRegistertion -->
