<?xml version="1.0" encoding="UTF-8"?>
<!-- Generated by org.testng.reporters.JUnitReportReporter -->
<testsuite hostname="DESKTOP-OILL9QP" failures="0" tests="4" name="com.adactinhotelapp.tests.ValidateLoginUsingDataProvider" time="42.097" errors="0" timestamp="2025-10-28T22:30:49 IST" skipped="0">
  <testcase classname="com.adactinhotelapp.tests.ValidateLoginUsingDataProvider" name="validateLoginTest1" time="18.971"/>
  <testcase classname="com.adactinhotelapp.tests.ValidateLoginUsingDataProvider" name="validateLoginTest1" time="8.237"/>
  <testcase classname="com.adactinhotelapp.tests.ValidateLoginUsingDataProvider" name="validateLoginTest1" time="7.483"/>
  <testcase classname="com.adactinhotelapp.tests.ValidateLoginUsingDataProvider" name="validateLoginTest1" time="7.406"/>
</testsuite> <!-- com.adactinhotelapp.tests.ValidateLoginUsingDataProvider -->
